<?xml version="1.0" encoding="utf-8" standalone="no"?>
<!--This file represents the results of running a test suite-->
<test-results name="C:\Users\Erik Olsen\Dropbox\Coding dojos\TennisScore\TennisScore\Project1.nunit" total="22" errors="0" failures="0" not-run="0" inconclusive="0" ignored="0" skipped="0" invalid="0" date="2011-11-09" time="13:27:43">
  <environment nunit-version="2.5.10.11092" clr-version="2.0.50727.5448" os-version="Microsoft Windows NT 6.1.7601 Service Pack 1" platform="Win32NT" cwd="C:\Users\Erik Olsen\Dropbox\Coding dojos\TennisScore\TennisScore" machine-name="ERIKOLSEN-THINK" user="Erik Olsen" user-domain="ErikOlsen-THINK" />
  <culture-info current-culture="da-DK" current-uiculture="en-US" />
  <test-suite type="Project" name="C:\Users\Erik Olsen\Dropbox\Coding dojos\TennisScore\TennisScore\Project1.nunit" executed="True" result="Success" success="True" time="0.067" asserts="0">
    <results>
      <test-suite type="Assembly" name="C:\Users\Erik Olsen\Dropbox\Coding dojos\TennisScore\TennisScore\bin\Debug\TennisScore.dll" executed="True" result="Success" success="True" time="0.066" asserts="0">
        <results>
          <test-suite type="Namespace" name="TennisScore" executed="True" result="Success" success="True" time="0.066" asserts="0">
            <results>
              <test-suite type="TestFixture" name="Testgame" executed="True" result="Success" success="True" time="0.028" asserts="0">
                <results>
                  <test-case name="TennisScore.Testgame.Test1515" executed="True" result="Success" success="True" time="0.000" asserts="1" />
                  <test-case name="TennisScore.Testgame.Test1540" executed="True" result="Success" success="True" time="0.000" asserts="1" />
                  <test-case name="TennisScore.Testgame.Test3030" executed="True" result="Success" success="True" time="0.000" asserts="1" />
                  <test-case name="TennisScore.Testgame.TestAdvP1" executed="True" result="Success" success="True" time="0.000" asserts="1" />
                  <test-case name="TennisScore.Testgame.TestAdvP2" executed="True" result="Success" success="True" time="0.000" asserts="1" />
                  <test-case name="TennisScore.Testgame.TestDeuce" executed="True" result="Success" success="True" time="0.000" asserts="1" />
                  <test-case name="TennisScore.Testgame.TestGameOver" executed="True" result="Success" success="True" time="0.000" asserts="1" />
                  <test-case name="TennisScore.Testgame.TestLoveAll" executed="True" result="Success" success="True" time="0.000" asserts="1" />
                  <test-case name="TennisScore.Testgame.TestP1Wins" executed="True" result="Success" success="True" time="0.000" asserts="1" />
                  <test-case name="TennisScore.Testgame.TestP2Wins" executed="True" result="Success" success="True" time="0.000" asserts="1" />
                  <test-case name="TennisScore.Testgame.TestTripleGamePoint" executed="True" result="Success" success="True" time="0.000" asserts="1" />
                </results>
              </test-suite>
              <test-suite type="TestFixture" name="TestMatch" executed="True" result="Success" success="True" time="0.018" asserts="0">
                <results>
                  <test-case name="TennisScore.TestMatch.TestCleanSweep" executed="True" result="Success" success="True" time="0.000" asserts="1" />
                  <test-case name="TennisScore.TestMatch.TestCleanSweepP2" executed="True" result="Success" success="True" time="0.000" asserts="1" />
                  <test-case name="TennisScore.TestMatch.TestmatchAlreadyEndedP1" executed="True" result="Success" success="True" time="0.001" asserts="0" />
                  <test-case name="TennisScore.TestMatch.TestmatchAlreadyEndedP2" executed="True" result="Success" success="True" time="0.001" asserts="0" />
                  <test-case name="TennisScore.TestMatch.TestMatchNotDone" executed="True" result="Success" success="True" time="0.000" asserts="1" />
                </results>
              </test-suite>
              <test-suite type="TestFixture" name="TestSet" executed="True" result="Success" success="True" time="0.005" asserts="0">
                <results>
                  <test-case name="TennisScore.TestSet.TestCleanSweep" executed="True" result="Success" success="True" time="0.000" asserts="1" />
                  <test-case name="TennisScore.TestSet.TestTiebreak" executed="True" result="Success" success="True" time="0.000" asserts="2" />
                  <test-case name="TennisScore.TestSet.TestTripleSetPoint" executed="True" result="Success" success="True" time="0.000" asserts="1" />
                </results>
              </test-suite>
              <test-suite type="TestFixture" name="TestTiebreak" executed="True" result="Success" success="True" time="0.006" asserts="0">
                <results>
                  <test-case name="TennisScore.TestTiebreak.Test108" executed="True" result="Success" success="True" time="0.000" asserts="2" />
                  <test-case name="TennisScore.TestTiebreak.Test57" executed="True" result="Success" success="True" time="0.001" asserts="2" />
                  <test-case name="TennisScore.TestTiebreak.Test98" executed="True" result="Success" success="True" time="0.000" asserts="2" />
                </results>
              </test-suite>
            </results>
          </test-suite>
        </results>
      </test-suite>
    </results>
  </test-suite>
</test-results>